1513506446884	geckodriver	INFO	geckodriver 0.19.1
1513506446903	geckodriver	INFO	Listening on 127.0.0.1:58370
1513506447326	mozrunner::runner	INFO	Running command: "C:\\Program Files (x86)\\Mozilla Firefox\\firefox.exe" "-marionette" "-profile" "C:\\Users\\ADMINI~1\\AppData\\Local\\Temp\\rust_mozprofile.Ueucv5P2Plkf"
1513506449513	Marionette	INFO	Enabled via --marionette
1513506454034	Marionette	INFO	Listening on port 58374
1513506454575	Marionette	WARN	TLS certificate errors will be ignored for this session
1513506454816	Marionette	DEBUG	Register listener.js for window 4294967297
1513506454917	Marionette	DEBUG	Received DOM event "beforeunload" for "about:blank"
1513506456303	Marionette	DEBUG	Received DOM event "pagehide" for "about:blank"
1513506456304	Marionette	DEBUG	Received DOM event "unload" for "about:blank"
1513506457700	Marionette	DEBUG	Received DOM event "DOMContentLoaded" for "https://passport.jd.com/uc/login?ReturnUrl=http%3A%2F%2Fvip.jd.com%2Fhome.html"
1513506458580	Marionette	DEBUG	Received DOM event "pageshow" for "https://passport.jd.com/uc/login?ReturnUrl=http%3A%2F%2Fvip.jd.com%2Fhome.html"
1513506460891	Marionette	DEBUG	Canceled page load listener because no navigation has been detected
1513506464291	Marionette	DEBUG	Received DOM event "beforeunload" for "https://passport.jd.com/uc/login?ReturnUrl=http%3A%2F%2Fvip.jd.com%2Fhome.html"
1513506464500	Marionette	DEBUG	Received DOM event "pagehide" for "https://passport.jd.com/uc/login?ReturnUrl=http%3A%2F%2Fvip.jd.com%2Fhome.html"
1513506464506	Marionette	DEBUG	Received DOM event "unload" for "https://passport.jd.com/uc/login?ReturnUrl=http%3A%2F%2Fvip.jd.com%2Fhome.html"
Unable to read VR Path Registry from C:\Users\Administrator\AppData\Local\openvr\openvrpaths.vrpath
[Parent 8596, Gecko_IOThread] WARNING: pipe error: 109: file z:/build/build/src/ipc/chromium/src/chrome/common/ipc_channel_win.cc, line 346
1513506465045	Marionette	DEBUG	Received DOM event "DOMContentLoaded" for "https://vip.jd.com/home.html"
1513506466875	Marionette	DEBUG	Received DOM event "pageshow" for "https://vip.jd.com/home.html"
1513506472171	Marionette	DEBUG	Canceled page load listener because no navigation has been detected
: file z:/build/build/src/ipc/chromium/src/chrome/common/ipc_channel_win.cc, line 346
1513506161028	Marionette	DEBUG	Received DOM event "DOMContentLoaded" for "https://vip.jd.com/home.html"
1513506162797	Marionette	DEBUG	Received DOM event "pageshow" for "https://vip.jd.com/home.html"
1513506168117	Marionette	DEBUG	Canceled page load listener because no navigation has been detected
[Parent 6436, Gecko_IOThread] WARNING: pipe error: 109: file z:/build/build/src/ipc/chromium/src/chrome/common/ipc_channel_win.cc, line 346
Unable to read VR Path Registry from C:\Users\Administrator\AppData\Local\openvr\openvrpaths.vrpath
JavaScript error: https://plus.jd.com/index, line 195: SyntaxError: expected expression, got '<'
JavaScript error: https://plus.jd.com/index, line 279: SyntaxError: expected expression, got '<'
1513506188948	Marionette	DEBUG	Register listener.js for window 4294967304
1513506189072	Marionette	DEBUG	Register listener.js for window 4294967307
1513506196495	Marionette	DEBUG	Register listener.js for window 4294967311
JavaScript warning: https://misc.360buyimg.com/??jdf/1.0.0/unit/trimPath/1.0.0/trimPath.js,jdf/1.0.0/unit/login/1.0.0/login.js,felibs/bluebird/2.10.2/bluebird.core.js, line 3163: unreachable code after return statement
JavaScript warning: https://misc.360buyimg.com/??jdf/1.0.0/unit/trimPath/1.0.0/trimPath.js,jdf/1.0.0/unit/login/1.0.0/login.js,felibs/bluebird/2.10.2/bluebird.core.js, line 3163: unreachable code after return statement
JavaScript error: https://plus.jd.com/index, line 195: SyntaxError: expected expression, got '<'
JavaScript error: https://plus.jd.com/index, line 279: SyntaxError: expected expression, got '<'
[Parent 6436, Gecko_IOThread] WARNING: pipe error: 109: file z:/build/build/src/ipc/chromium/src/chrome/common/ipc_channel_win.cc, line 346
Unable to read VR Path Registry from C:\Users\Administrator\AppData\Local\openvr\openvrpaths.vrpath
[Child 5860, Chrome_ChildThread] WARNING: pipe error: 109: file z:/build/build/src/ipc/chromium/src/chrome/common/ipc_channel_win.cc, line 346
[Child 5860, Chrome_ChildThread] WARNING: pipe error: 109: file z:/build/build/src/ipc/chromium/src/chrome/common/ipc_channel_win.cc, line 346
[Parent 6436, Gecko_IOThread] WARNING: pipe error: 109: file z:/build/build/src/ipc/chromium/src/chrome/common/ipc_channel_win.cc, line 346
[Child 5428, Chrome_ChildThread] WARNING: pipe error: 109: file z:/build/build/src/ipc/chromium/src/chrome/common/ipc_channel_win.cc, line 346
Unable to read VR Path Registry from C:\Users\Administrator\AppData\Local\openvr\openvrpaths.vrpath
[GPU 7896, Chrome_ChildThread] WARNING: pipe error: 109: file z:/build/build/src/ipc/chromium/src/chrome/common/ipc_channel_win.cc, line 346

###!!! [Child][MessageChannel::SendAndWait] Error: Channel error: cannot send/recv

nnel error: cannot send/recv

